Arguments: 
  C:\Program Files\nodejs\node.exe C:\Users\MCC\AppData\Roaming\npm\node_modules\yarn\bin\yarn.js install

PATH: 
  C:\Users\MCC\bin;C:\Program Files\Git\mingw64\bin;C:\Program Files\Git\usr\local\bin;C:\Program Files\Git\usr\bin;C:\Program Files\Git\usr\bin;C:\Program Files\Git\mingw64\bin;C:\Program Files\Git\usr\bin;C:\Users\MCC\bin;C:\Program Files\Common Files\Oracle\Java\javapath;C:\WINDOWS\system32;C:\WINDOWS;C:\WINDOWS\System32\Wbem;C:\WINDOWS\System32\WindowsPowerShell\v1.0;C:\WINDOWS\System32\OpenSSH;C:\ProgramData\chocolatey\bin;C:\Program Files\Git\cmd;C:\Users\MCC\AppData\Local\Android\Sdk\platform-tools;C:\Program Files\Java\jdk-11.0.8\bin;C:\Program Files\PowerShell\7;C:\Users\MCC\AppData\Roaming\nvm;C:\Program Files\nodejs;C:\Users\MCC\AppData\Local\pnpm;C:\Users\MCC\AppData\Local\Microsoft\WindowsApps;C:\Users\MCC\AppData\Local\Programs\Microsoft VS Code\bin;C:\Users\MCC\AppData\Roaming\npm;C:\Users\MCC\AppData\Local\Android\Sdk\platform-tools;C:\Users\MCC\AppData\Roaming\nvm;C:\Program Files\nodejs;C:\Program Files\Git\usr\bin\vendor_perl;C:\Program Files\Git\usr\bin\core_perl

Yarn version: 
  1.22.19

Node version: 
  18.16.0

Platform: 
  win32 x64

Trace: 
  Error: EEXIST: file already exists, mkdir 'E:\Web\Level-2\Milestone-3-Be-A-NoSQL-Braniac\University-Management-BE\node_modules\express\node_modules'

npm manifest: 
  {
    "name": "University-Management-BE",
    "version": "1.0.0",
    "description": "",
    "main": "src/server.ts",
    "scripts": {
      "dev": "ts-node-dev --respawn --transpile-only ./src/server.ts",
      "lint:check": "eslint --ignore-path .eslintignore --ext .js,.ts .",
      "lint:fix": "eslint . --fix",
      "prettier:check": "prettier --ignore-path .gitignore --write \"**/*.+(js|ts|json)\"",
      "prettier:fix": "prettier --write .",
      "lint-prettier": "pnpm lint:check && pnpm prettier:check",
      "test": "echo \"Error: no test specified\" && exit 1",
      "prepare": "husky install"
    },
    "keywords": [],
    "author": "",
    "license": "ISC",
    "lint-staged": {
      "src/**/*.ts": "pnpm lint-prettier"
    },
    "devDependencies": {
      "@types/cors": "^2.8.13",
      "@types/express": "^4.17.17",
      "@typescript-eslint/eslint-plugin": "^5.59.7",
      "@typescript-eslint/parser": "^5.59.7",
      "eslint": "^8.41.0",
      "eslint-config-prettier": "^8.8.0",
      "husky": "^8.0.3",
      "lint-staged": "^13.2.2",
      "prettier": "^2.8.8",
      "typescript": "^5.0.4"
    },
    "dependencies": {
      "cors": "^2.8.5",
      "dotenv": "^16.0.3",
      "express": "^4.18.2",
      "mongoose": "^7.2.1",
      "ts-node-dev": "^2.0.0",
      "winston": "^3.9.0"
    }
  }

yarn manifest: 
  No manifest

Lockfile: 
  No lockfile
