{
  message: '✅ Database connected successfully',
  level: 'info',
  service: 'user-service',
  label: 'UM',
  timestamp: '2023-06-06T12:16:30.508Z'
}
{
  message: 'Application listening on port 5000',
  level: 'info',
  service: 'user-service',
  label: 'UM',
  timestamp: '2023-06-06T12:16:30.522Z'
}
{
  message: '✅ Database connected successfully',
  level: 'info',
  service: 'user-service',
  label: 'UM',
  timestamp: '2023-06-06T12:16:56.658Z'
}
{
  message: 'Application listening on port 5000',
  level: 'info',
  service: 'user-service',
  label: 'UM',
  timestamp: '2023-06-06T12:16:56.674Z'
}
{
  message: '✅ Database connected successfully',
  level: 'info',
  service: 'user-service',
  label: 'UM',
  timestamp: '2023-06-06T12:17:48.835Z'
}
{
  message: 'Application listening on port 5000',
  level: 'info',
  service: 'user-service',
  label: 'UM',
  timestamp: '2023-06-06T12:17:48.859Z'
}
{
  message: '✅ Database connected successfully',
  level: 'info',
  service: 'user-service',
  label: 'UM',
  timestamp: '2023-06-06T12:18:22.421Z'
}
{
  message: 'Application listening on port 5000',
  level: 'info',
  service: 'user-service',
  label: 'UM',
  timestamp: '2023-06-06T12:18:22.477Z'
}
{
  message: '✅ Database connected successfully',
  level: 'info',
  service: 'user-service',
  label: 'UM',
  timestamp: '2023-06-06T12:19:02.888Z'
}
{
  message: 'Application listening on port 5000',
  level: 'info',
  service: 'user-service',
  label: 'UM',
  timestamp: '2023-06-06T12:19:02.903Z'
}
{
  message: '✅ Database connected successfully',
  level: 'info',
  service: 'user-service',
  label: 'UM',
  timestamp: '2023-06-06T12:21:09.276Z'
}
{
  message: 'Application listening on port 5000',
  level: 'info',
  service: 'user-service',
  label: 'UM',
  timestamp: '2023-06-06T12:21:09.331Z'
}
{
  message: '✅ Database connected successfully',
  level: 'info',
  service: 'user-service',
  label: 'UM',
  timestamp: '2023-06-06T12:22:20.397Z'
}
{
  message: 'Application listening on port 5000',
  level: 'info',
  service: 'user-service',
  label: 'UM',
  timestamp: '2023-06-06T12:22:20.422Z'
}
{
  message: '✅ Database connected successfully',
  level: 'info',
  service: 'user-service',
  label: 'UM',
  timestamp: '2023-06-06T12:27:52.584Z'
}
{
  message: 'Application listening on port 5000',
  level: 'info',
  service: 'user-service',
  label: 'UM',
  timestamp: '2023-06-06T12:27:52.605Z'
}
{
  message: '✅ Database connected successfully',
  level: 'info',
  service: 'user-service',
  label: 'UM',
  timestamp: '2023-06-06T12:35:14.415Z'
}
{
  message: 'Application listening on port 5000',
  level: 'info',
  service: 'user-service',
  label: 'UM',
  timestamp: '2023-06-06T12:35:14.450Z'
}
