{
  message: '✅ Database connected successfully',
  level: 'info',
  service: 'user-service',
  label: 'UM',
  timestamp: '2023-06-04T06:25:13.367Z'
}
{
  message: 'Application listening on port 5000',
  level: 'info',
  service: 'user-service',
  label: 'UM',
  timestamp: '2023-06-04T06:25:13.389Z'
}
{
  message: '✅ Database connected successfully',
  level: 'info',
  service: 'user-service',
  label: 'UM',
  timestamp: '2023-06-04T06:26:30.790Z'
}
{
  message: 'Application listening on port 5000',
  level: 'info',
  service: 'user-service',
  label: 'UM',
  timestamp: '2023-06-04T06:26:30.815Z'
}
{
  message: '✅ Database connected successfully',
  level: 'info',
  service: 'user-service',
  label: 'UM',
  timestamp: '2023-06-04T06:26:56.847Z'
}
{
  message: 'Application listening on port 5000',
  level: 'info',
  service: 'user-service',
  label: 'UM',
  timestamp: '2023-06-04T06:26:56.858Z'
}
{
  message: '✅ Database connected successfully',
  level: 'info',
  service: 'user-service',
  label: 'UM',
  timestamp: '2023-06-04T06:27:20.166Z'
}
{
  message: 'Application listening on port 5000',
  level: 'info',
  service: 'user-service',
  label: 'UM',
  timestamp: '2023-06-04T06:27:20.195Z'
}
{
  message: '✅ Database connected successfully',
  level: 'info',
  service: 'user-service',
  label: 'UM',
  timestamp: '2023-06-04T06:27:41.492Z'
}
{
  message: 'Application listening on port 5000',
  level: 'info',
  service: 'user-service',
  label: 'UM',
  timestamp: '2023-06-04T06:27:41.510Z'
}
{
  message: '✅ Database connected successfully',
  level: 'info',
  service: 'user-service',
  label: 'UM',
  timestamp: '2023-06-04T06:28:04.735Z'
}
{
  message: 'Application listening on port 5000',
  level: 'info',
  service: 'user-service',
  label: 'UM',
  timestamp: '2023-06-04T06:28:04.753Z'
}
{
  message: '✅ Database connected successfully',
  level: 'info',
  service: 'user-service',
  label: 'UM',
  timestamp: '2023-06-04T06:29:38.814Z'
}
{
  message: 'Application listening on port 5000',
  level: 'info',
  service: 'user-service',
  label: 'UM',
  timestamp: '2023-06-04T06:29:38.851Z'
}
{
  message: '✅ Database connected successfully',
  level: 'info',
  service: 'user-service',
  label: 'UM',
  timestamp: '2023-06-04T06:29:45.182Z'
}
{
  message: 'Application listening on port 5000',
  level: 'info',
  service: 'user-service',
  label: 'UM',
  timestamp: '2023-06-04T06:29:45.199Z'
}
{
  message: '✅ Database connected successfully',
  level: 'info',
  service: 'user-service',
  label: 'UM',
  timestamp: '2023-06-04T06:30:39.564Z'
}
{
  message: 'Application listening on port 5000',
  level: 'info',
  service: 'user-service',
  label: 'UM',
  timestamp: '2023-06-04T06:30:39.579Z'
}
{
  message: '✅ Database connected successfully',
  level: 'info',
  service: 'user-service',
  label: 'UM',
  timestamp: '2023-06-04T06:36:49.609Z'
}
{
  message: 'Application listening on port 5000',
  level: 'info',
  service: 'user-service',
  label: 'UM',
  timestamp: '2023-06-04T06:36:49.620Z'
}
