{
  message: '✅ Database connected successfully',
  level: 'info',
  service: 'user-service',
  label: 'UM',
  timestamp: '2023-06-04T10:39:19.223Z'
}
{
  message: 'Application listening on port 5000',
  level: 'info',
  service: 'user-service',
  label: 'UM',
  timestamp: '2023-06-04T10:39:19.241Z'
}
{
  message: '✅ Database connected successfully',
  level: 'info',
  service: 'user-service',
  label: 'UM',
  timestamp: '2023-06-04T10:58:37.675Z'
}
{
  message: 'Application listening on port 5000',
  level: 'info',
  service: 'user-service',
  label: 'UM',
  timestamp: '2023-06-04T10:58:37.689Z'
}
{
  message: '✅ Database connected successfully',
  level: 'info',
  service: 'user-service',
  label: 'UM',
  timestamp: '2023-06-04T10:59:07.070Z'
}
{
  message: 'Application listening on port 5000',
  level: 'info',
  service: 'user-service',
  label: 'UM',
  timestamp: '2023-06-04T10:59:07.093Z'
}
