[Fri Jun 09 2023 14:33:20] [UM] info: ✅ Database connected successfully
[Fri Jun 09 2023 14:33:20] [UM] info: Application listening on port 5000
[Fri Jun 09 2023 14:37:45] [UM] info: ✅ Database connected successfully
[Fri Jun 09 2023 14:37:45] [UM] info: Application listening on port 5000
[Fri Jun 09 2023 14:38:41] [UM] info: ✅ Database connected successfully
[Fri Jun 09 2023 14:38:41] [UM] info: Application listening on port 5000
[Fri Jun 09 2023 14:38:51] [UM] info: ✅ Database connected successfully
[Fri Jun 09 2023 14:38:51] [UM] info: Application listening on port 5000
[Fri Jun 09 2023 14:40:2] [UM] info: ✅ Database connected successfully
[Fri Jun 09 2023 14:40:2] [UM] info: Application listening on port 5000
[Fri Jun 09 2023 14:41:14] [UM] info: ✅ Database connected successfully
[Fri Jun 09 2023 14:41:14] [UM] info: Application listening on port 5000
[Fri Jun 09 2023 14:44:53] [UM] info: ✅ Database connected successfully
[Fri Jun 09 2023 14:44:53] [UM] info: Application listening on port 5000
[Fri Jun 09 2023 14:45:49] [UM] info: ✅ Database connected successfully
[Fri Jun 09 2023 14:45:49] [UM] info: Application listening on port 5000
[Fri Jun 09 2023 14:45:54] [UM] info: ✅ Database connected successfully
[Fri Jun 09 2023 14:45:54] [UM] info: Application listening on port 5000
[Fri Jun 09 2023 14:52:13] [UM] info: ✅ Database connected successfully
[Fri Jun 09 2023 14:52:13] [UM] info: Application listening on port 5000
{
  message: '✅ Database connected successfully',
  level: 'info',
  service: 'user-service',
  label: 'UM',
  timestamp: '2023-06-09T08:53:02.460Z'
}
{
  message: 'Application listening on port 5000',
  level: 'info',
  service: 'user-service',
  label: 'UM',
  timestamp: '2023-06-09T08:53:02.473Z'
}
{
  message: '✅ Database connected successfully',
  level: 'info',
  service: 'user-service',
  label: 'UM',
  timestamp: '2023-06-09T08:55:47.066Z'
}
{
  message: 'Application listening on port 5000',
  level: 'info',
  service: 'user-service',
  label: 'UM',
  timestamp: '2023-06-09T08:55:47.081Z'
}
{
  message: '✅ Database connected successfully',
  level: 'info',
  service: 'user-service',
  label: 'UM',
  timestamp: '2023-06-09T08:56:00.523Z'
}
{
  message: 'Application listening on port 5000',
  level: 'info',
  service: 'user-service',
  label: 'UM',
  timestamp: '2023-06-09T08:56:00.545Z'
}
[Fri Jun 09 2023 14:56:31] [UM] info: ✅ Database connected successfully
[Fri Jun 09 2023 14:56:31] [UM] info: Application listening on port 5000
