{
  message: '✅ Database connected successfully',
  level: 'info',
  service: 'user-service',
  label: 'UM',
  timestamp: '2023-06-07T15:10:34.380Z'
}
{
  message: 'Application listening on port 5000',
  level: 'info',
  service: 'user-service',
  label: 'UM',
  timestamp: '2023-06-07T15:10:34.409Z'
}
{
  message: '✅ Database connected successfully',
  level: 'info',
  service: 'user-service',
  label: 'UM',
  timestamp: '2023-06-07T15:10:45.730Z'
}
{
  message: 'Application listening on port 5000',
  level: 'info',
  service: 'user-service',
  label: 'UM',
  timestamp: '2023-06-07T15:10:45.744Z'
}
{
  message: '✅ Database connected successfully',
  level: 'info',
  service: 'user-service',
  label: 'UM',
  timestamp: '2023-06-07T15:11:19.126Z'
}
{
  message: 'Application listening on port 5000',
  level: 'info',
  service: 'user-service',
  label: 'UM',
  timestamp: '2023-06-07T15:11:19.142Z'
}
{
  message: '✅ Database connected successfully',
  level: 'info',
  service: 'user-service',
  label: 'UM',
  timestamp: '2023-06-07T15:11:36.223Z'
}
{
  message: 'Application listening on port 5000',
  level: 'info',
  service: 'user-service',
  label: 'UM',
  timestamp: '2023-06-07T15:11:36.238Z'
}
{
  message: '✅ Database connected successfully',
  level: 'info',
  service: 'user-service',
  label: 'UM',
  timestamp: '2023-06-07T15:33:51.031Z'
}
{
  message: 'Application listening on port 5000',
  level: 'info',
  service: 'user-service',
  label: 'UM',
  timestamp: '2023-06-07T15:33:51.043Z'
}
{
  message: '✅ Database connected successfully',
  level: 'info',
  service: 'user-service',
  label: 'UM',
  timestamp: '2023-06-07T15:34:18.972Z'
}
{
  message: 'Application listening on port 5000',
  level: 'info',
  service: 'user-service',
  label: 'UM',
  timestamp: '2023-06-07T15:34:18.989Z'
}
{
  message: '✅ Database connected successfully',
  level: 'info',
  service: 'user-service',
  label: 'UM',
  timestamp: '2023-06-07T15:35:00.118Z'
}
{
  message: 'Application listening on port 5000',
  level: 'info',
  service: 'user-service',
  label: 'UM',
  timestamp: '2023-06-07T15:35:00.159Z'
}
{
  message: '✅ Database connected successfully',
  level: 'info',
  service: 'user-service',
  label: 'UM',
  timestamp: '2023-06-07T15:35:02.657Z'
}
{
  message: 'Application listening on port 5000',
  level: 'info',
  service: 'user-service',
  label: 'UM',
  timestamp: '2023-06-07T15:35:02.674Z'
}
{
  message: '✅ Database connected successfully',
  level: 'info',
  service: 'user-service',
  label: 'UM',
  timestamp: '2023-06-07T15:35:57.775Z'
}
{
  message: 'Application listening on port 5000',
  level: 'info',
  service: 'user-service',
  label: 'UM',
  timestamp: '2023-06-07T15:35:57.798Z'
}
