{
  message: '✅ Database connected successfully',
  level: 'info',
  service: 'user-service',
  label: 'UM',
  timestamp: '2023-06-05T18:05:13.092Z'
}
{
  message: 'Application listening on port 5000',
  level: 'info',
  service: 'user-service',
  label: 'UM',
  timestamp: '2023-06-05T18:05:13.113Z'
}
{
  message: '✅ Database connected successfully',
  level: 'info',
  service: 'user-service',
  label: 'UM',
  timestamp: '2023-06-05T18:08:20.949Z'
}
{
  message: 'Application listening on port 5000',
  level: 'info',
  service: 'user-service',
  label: 'UM',
  timestamp: '2023-06-05T18:08:20.958Z'
}
{
  message: '✅ Database connected successfully',
  level: 'info',
  service: 'user-service',
  label: 'UM',
  timestamp: '2023-06-05T18:19:42.013Z'
}
{
  message: 'Application listening on port 5000',
  level: 'info',
  service: 'user-service',
  label: 'UM',
  timestamp: '2023-06-05T18:19:42.033Z'
}
{
  message: '✅ Database connected successfully',
  level: 'info',
  service: 'user-service',
  label: 'UM',
  timestamp: '2023-06-05T18:22:49.376Z'
}
{
  message: 'Application listening on port 5000',
  level: 'info',
  service: 'user-service',
  label: 'UM',
  timestamp: '2023-06-05T18:22:49.387Z'
}
